<?xml version="1.0" encoding="UTF-8" standalone="no"?>
<testsuite failures="0" name="cucumber.runtime.formatter.JUnitFormatter" skipped="0" tests="1" time="17.017645">
<testcase classname="Send message to the developer validation" name="Check out button to send message" time="17.017645">
<system-out><![CDATA[Given I browse to pocketsdeveloper.com......................................passed
Then I parse name...........................................................passed
Then I parse mail...........................................................passed
Then I parse subject........................................................passed
Then I parse message........................................................passed
Then I press button.........................................................passed
And I close my browser......................................................passed
]]></system-out>
</testcase>
</testsuite>
