<?xml version="1.0" encoding="UTF-8" standalone="no"?>
<testsuite failures="0" name="cucumber.runtime.formatter.JUnitFormatter" skipped="1" tests="1" time="0">
<testcase classname="Send message to the developer validation" name="Check out button to send message" time="0">
<skipped><![CDATA[Given I browse to pocketsdeveloper.com......................................undefined
Then I parse name...........................................................undefined
Then I parse mail...........................................................undefined
Then I parse subject........................................................undefined
Then I parse message........................................................undefined
Then I press button.........................................................undefined
And I close my browser......................................................undefined
]]></skipped>
</testcase>
</testsuite>
